<?xml version="1.0" encoding="UTF-8"?>
<!-- Generated by org.testng.reporters.JUnitReportReporter -->
<testsuite hostname="PC-Narayan" failures="0" tests="1" name="com.Xooper.AIAPP.RegistrationTest" time="0.007" errors="0" timestamp="2025-02-06T16:42:30 IST" skipped="0">
  <testcase classname="com.Xooper.AIAPP.RegistrationTest" name="testRegistration" time="0.007"/>
  <system-out/>
</testsuite> <!-- com.Xooper.AIAPP.RegistrationTest -->
